TURNO: 0
 ------- ------- ------- ------- ------- ------- ------- ------- 
|                                                               |
|   2       0       0       0       0       0       0       T   |
|                                                               |
|        -------                         ------- ------- -------|
|       |///////|                       |///////|///////|///////|
|   Y   |///////|   L       V       0   |///////|///////|///////|
|       |///////|                       |///////|///////|///////|
|        -------                         ------- ------- -------|
|       |///////|                                               |
|   0   |///////|   ?       0       0       0       0       0   |
|       |///////|                                               |
|        -------                                                |
|                                                               |
|   0       0       0       ?       0       0       0       0   |
|                                                               |
|                -------         ------- ------- -------        |
|               |///////|       |///////|///////|///////|       |
|   0       I   |///////|   0   |///////|///////|///////|   S   |
|               |///////|       |///////|///////|///////|       |
|        ------- -------         ------- ------- -------        |
|       |///////|///////|       |///////|///////|               |
|   0   |///////|///////|   0   |///////|///////|   0       0   |
|       |///////|///////|       |///////|///////|               |
|        ------- -------         ------- -------                |
|                                                               |
|   0       0       0       0       0       K       ?       0   |
|                                                               |
|                -------                                        |
|               |///////|                                       |
|   0       0   |///////|   0       0       0       R       0   |
|               |///////|                                       |
 ------- ------- ------- ------- ------- ------- ------- ------- 
TURNO: 1
Legásov: Llave recogida en celda 18.
Glújov: Llevo 5 kilos de escombros.
Spirit: Detectadas 2 personas en la zona de influencia. 
 ------- ------- ------- ------- ------- ------- ------- ------- 
|                                                               |
|   0       G       0       V       0       0       T       0   |
|                                                               |
|        -------                         ------- ------- -------|
|       |///////|                       |///////|///////|///////|
|   R   |///////|   0       0       0   |///////|///////|///////|
|       |///////|                       |///////|///////|///////|
|        -------                         ------- ------- -------|
|       |///////|                                               |
|   Y   |///////|   L       0       0       0       0       0   |
|       |///////|                                               |
|        -------                                                |
|                                                               |
|   0       0       0       ?       0       0       0       0   |
|                                                               |
|                -------         ------- ------- -------        |
|               |///////|       |///////|///////|///////|       |
|   0       I   |///////|   0   |///////|///////|///////|   0   |
|               |///////|       |///////|///////|///////|       |
|        ------- -------         ------- ------- -------        |
|       |///////|///////|       |///////|///////|               |
|   0   |///////|///////|   0   |///////|///////|   0       S   |
|       |///////|///////|       |///////|///////|               |
|        ------- -------         ------- -------                |
|                                                               |
|   0       0       0       0       K       0       ?       0   |
|                                                               |
|                -------                                        |
|               |///////|                                       |
|   0       0   |///////|   0       0       0       R       0   |
|               |///////|                                       |
 ------- ------- ------- ------- ------- ------- ------- ------- 
TURNO: 2
Kovalev: ¡NO PUEDO! (N)
Vladimir: MINERO#Glújov#2#G
Spirit: Detectadas 1 personas en la zona de influencia. 
 ------- ------- ------- ------- ------- ------- ------- ------- 
|                                                               |
|   0       0       2       0       0       T       0       0   |
|                                                               |
|        -------                         ------- ------- -------|
|       |///////|                       |///////|///////|///////|
|   Y   |///////|   0       0       0   |///////|///////|///////|
|       |///////|                       |///////|///////|///////|
|        -------                         ------- ------- -------|
|       |///////|                                               |
|   R   |///////|   0       0       0       0       0       0   |
|       |///////|                                               |
|        -------                                                |
|                                                               |
|   0       0       L       ?       0       0       0       0   |
|                                                               |
|                -------         ------- ------- -------        |
|               |///////|       |///////|///////|///////|       |
|   0       I   |///////|   0   |///////|///////|///////|   0   |
|               |///////|       |///////|///////|///////|       |
|        ------- -------         ------- ------- -------        |
|       |///////|///////|       |///////|///////|               |
|   0   |///////|///////|   0   |///////|///////|   0       0   |
|       |///////|///////|       |///////|///////|               |
|        ------- -------         ------- -------                |
|                                                               |
|   0       0       0       0       K       0       ?       S   |
|                                                               |
|                -------                                        |
|               |///////|                                       |
|   0       0   |///////|   0       0       0       R       0   |
|               |///////|                                       |
 ------- ------- ------- ------- ------- ------- ------- ------- 
TURNO: 3
Shcherbina: Llave recogida en celda 54.
Glújov: Llevo 7 kilos de escombros.
Spirit: Detectadas 3 personas en la zona de influencia. 
 ------- ------- ------- ------- ------- ------- ------- ------- 
|                                                               |
|   0       0       0       G       0       0       T       0   |
|                                                               |
|        -------                         ------- ------- -------|
|       |///////|                       |///////|///////|///////|
|   0   |///////|   V       0       0   |///////|///////|///////|
|       |///////|                       |///////|///////|///////|
|        -------                         ------- ------- -------|
|       |///////|                                               |
|   Y   |///////|   0       0       0       0       0       0   |
|       |///////|                                               |
|        -------                                                |
|                                                               |
|   R       L       0       ?       0       0       0       0   |
|                                                               |
|                -------         ------- ------- -------        |
|               |///////|       |///////|///////|///////|       |
|   0       I   |///////|   0   |///////|///////|///////|   0   |
|               |///////|       |///////|///////|///////|       |
|        ------- -------         ------- ------- -------        |
|       |///////|///////|       |///////|///////|               |
|   0   |///////|///////|   0   |///////|///////|   0       0   |
|       |///////|///////|       |///////|///////|               |
|        ------- -------         ------- -------                |
|                                                               |
|   0       0       0       0       0       0       S       0   |
|                                                               |
|                -------                                        |
|               |///////|                                       |
|   0       0   |///////|   0       K       0       R       0   |
|               |///////|                                       |
 ------- ------- ------- ------- ------- ------- ------- ------- 
TURNO: 4
Legásov: Llave recogida en celda 33.
Spirit: Detectadas 2 personas en la zona de influencia. 
 ------- ------- ------- ------- ------- ------- ------- ------- 
|                                                               |
|   0       0       0       0       G       0       0       T   |
|                                                               |
|        -------                         ------- ------- -------|
|       |///////|                       |///////|///////|///////|
|   Y   |///////|   0       V       0   |///////|///////|///////|
|       |///////|                       |///////|///////|///////|
|        -------                         ------- ------- -------|
|       |///////|                                               |
|   0   |///////|   0       0       0       0       0       0   |
|       |///////|                                               |
|        -------                                                |
|                                                               |
|   0       R       0       ?       0       0       0       0   |
|                                                               |
|                -------         ------- ------- -------        |
|               |///////|       |///////|///////|///////|       |
|   0       2   |///////|   0   |///////|///////|///////|   0   |
|               |///////|       |///////|///////|///////|       |
|        ------- -------         ------- ------- -------        |
|       |///////|///////|       |///////|///////|               |
|   0   |///////|///////|   0   |///////|///////|   0       0   |
|       |///////|///////|       |///////|///////|               |
|        ------- -------         ------- -------                |
|                                                               |
|   0       0       0       0       0       0       0       0   |
|                                                               |
|                -------                                        |
|               |///////|                                       |
|   0       0   |///////|   0       0       K       2       0   |
|               |///////|                                       |
 ------- ------- ------- ------- ------- ------- ------- ------- 
TURNO: 5
Ignatenko: ¡NO PUEDO! (E)
Spirit: Detectadas 2 personas en la zona de influencia. 
 ------- ------- ------- ------- ------- ------- ------- ------- 
|                                                               |
|   0       0       0       0       0       G       T       0   |
|                                                               |
|        -------                         ------- ------- -------|
|       |///////|                       |///////|///////|///////|
|   0   |///////|   0       0       0   |///////|///////|///////|
|       |///////|                       |///////|///////|///////|
|        -------                         ------- ------- -------|
|       |///////|                                               |
|   Y   |///////|   0       V       0       0       0       0   |
|       |///////|                                               |
|        -------                                                |
|                                                               |
|   0       0       R       ?       0       0       0       0   |
|                                                               |
|                -------         ------- ------- -------        |
|               |///////|       |///////|///////|///////|       |
|   L       I   |///////|   0   |///////|///////|///////|   0   |
|               |///////|       |///////|///////|///////|       |
|        ------- -------         ------- ------- -------        |
|       |///////|///////|       |///////|///////|               |
|   0   |///////|///////|   0   |///////|///////|   0       0   |
|       |///////|///////|       |///////|///////|               |
|        ------- -------         ------- -------                |
|                                                               |
|   0       0       0       0       0       0       0       0   |
|                                                               |
|                -------                                        |
|               |///////|                                       |
|   0       0   |///////|   0       0       0       2       S   |
|               |///////|                                       |
 ------- ------- ------- ------- ------- ------- ------- ------- 
TURNO: 6
Kovalev: Recargando batería refrigerador.
Vladimir: Llave destruida en celda 27.
 ------- ------- ------- ------- ------- ------- ------- ------- 
|                                                               |
|   0       0       0       0       0       T       G       0   |
|                                                               |
|        -------                         ------- ------- -------|
|       |///////|                       |///////|///////|///////|
|   Y   |///////|   0       0       0   |///////|///////|///////|
|       |///////|                       |///////|///////|///////|
|        -------                         ------- ------- -------|
|       |///////|                                               |
|   0   |///////|   0       0       0       0       0       0   |
|       |///////|                                               |
|        -------                                                |
|                                                               |
|   0       I       0       2       0       0       0       0   |
|                                                               |
|                -------         ------- ------- -------        |
|               |///////|       |///////|///////|///////|       |
|   0       0   |///////|   0   |///////|///////|///////|   0   |
|               |///////|       |///////|///////|///////|       |
|        ------- -------         ------- ------- -------        |
|       |///////|///////|       |///////|///////|               |
|   L   |///////|///////|   0   |///////|///////|   0       0   |
|       |///////|///////|       |///////|///////|               |
|        ------- -------         ------- -------                |
|                                                               |
|   0       0       0       0       0       0       0       0   |
|                                                               |
|                -------                                        |
|               |///////|                                       |
|   0       0   |///////|   0       0       0       2       S   |
|               |///////|                                       |
 ------- ------- ------- ------- ------- ------- ------- ------- 
TURNO: 7
Spirit: Detectadas 1 personas en la zona de influencia. 
 ------- ------- ------- ------- ------- ------- ------- ------- 
|                                                               |
|   0       0       0       0       0       0       T       G   |
|                                                               |
|        -------                         ------- ------- -------|
|       |///////|                       |///////|///////|///////|
|   0   |///////|   0       0       0   |///////|///////|///////|
|       |///////|                       |///////|///////|///////|
|        -------                         ------- ------- -------|
|       |///////|                                               |
|   Y   |///////|   0       R       0       0       0       0   |
|       |///////|                                               |
|        -------                                                |
|                                                               |
|   I       0       V       0       0       0       0       0   |
|                                                               |
|                -------         ------- ------- -------        |
|               |///////|       |///////|///////|///////|       |
|   0       0   |///////|   0   |///////|///////|///////|   0   |
|               |///////|       |///////|///////|///////|       |
|        ------- -------         ------- ------- -------        |
|       |///////|///////|       |///////|///////|               |
|   0   |///////|///////|   0   |///////|///////|   0       0   |
|       |///////|///////|       |///////|///////|               |
|        ------- -------         ------- -------                |
|                                                               |
|   L       0       0       0       0       0       0       0   |
|                                                               |
|                -------                                        |
|               |///////|                                       |
|   0       0   |///////|   0       0       0       R       2   |
|               |///////|                                       |
 ------- ------- ------- ------- ------- ------- ------- ------- 
TURNO: 8
Glújov: ¡NO PUEDO! (S)
 ------- ------- ------- ------- ------- ------- ------- ------- 
|                                                               |
|   0       0       0       0       0       0       0       2   |
|                                                               |
|        -------                         ------- ------- -------|
|       |///////|                       |///////|///////|///////|
|   Y   |///////|   0       0       0   |///////|///////|///////|
|       |///////|                       |///////|///////|///////|
|        -------                         ------- ------- -------|
|       |///////|                                               |
|   0   |///////|   0       0       R       0       0       0   |
|       |///////|                                               |
|        -------                                                |
|                                                               |
|   0       V       0       0       0       0       0       0   |
|                                                               |
|                -------         ------- ------- -------        |
|               |///////|       |///////|///////|///////|       |
|   I       0   |///////|   0   |///////|///////|///////|   0   |
|               |///////|       |///////|///////|///////|       |
|        ------- -------         ------- ------- -------        |
|       |///////|///////|       |///////|///////|               |
|   0   |///////|///////|   0   |///////|///////|   0       0   |
|       |///////|///////|       |///////|///////|               |
|        ------- -------         ------- -------                |
|                                                               |
|   0       L       0       0       0       0       0       0   |
|                                                               |
|                -------                                        |
|               |///////|                                       |
|   0       0   |///////|   0       0       0       R       2   |
|               |///////|                                       |
 ------- ------- ------- ------- ------- ------- ------- ------- 
TURNO: 9
 ------- ------- ------- ------- ------- ------- ------- ------- 
|                                                               |
|   0       0       0       0       0       0       2       0   |
|                                                               |
|        -------                         ------- ------- -------|
|       |///////|                       |///////|///////|///////|
|   0   |///////|   0       0       R   |///////|///////|///////|
|       |///////|                       |///////|///////|///////|
|        -------                         ------- ------- -------|
|       |///////|                                               |
|   Y   |///////|   0       0       0       0       0       0   |
|       |///////|                                               |
|        -------                                                |
|                                                               |
|   0       0       0       0       0       0       0       0   |
|                                                               |
|                -------         ------- ------- -------        |
|               |///////|       |///////|///////|///////|       |
|   0       V   |///////|   0   |///////|///////|///////|   0   |
|               |///////|       |///////|///////|///////|       |
|        ------- -------         ------- ------- -------        |
|       |///////|///////|       |///////|///////|               |
|   I   |///////|///////|   0   |///////|///////|   0       0   |
|       |///////|///////|       |///////|///////|               |
|        ------- -------         ------- -------                |
|                                                               |
|   0       0       L       0       0       0       0       0   |
|                                                               |
|                -------                                        |
|               |///////|                                       |
|   0       0   |///////|   0       0       0       R       2   |
|               |///////|                                       |
 ------- ------- ------- ------- ------- ------- ------- ------- 
TURNO: 10
Ignatenko: Recargando batería refrigerador.
Spirit: Detectadas 2 personas en la zona de influencia. 
 ------- ------- ------- ------- ------- ------- ------- ------- 
|                                                               |
|   0       0       0       0       R       2       0       0   |
|                                                               |
|        -------                         ------- ------- -------|
|       |///////|                       |///////|///////|///////|
|   Y   |///////|   0       0       0   |///////|///////|///////|
|       |///////|                       |///////|///////|///////|
|        -------                         ------- ------- -------|
|       |///////|                                               |
|   0   |///////|   0       0       0       0       0       0   |
|       |///////|                                               |
|        -------                                                |
|                                                               |
|   0       0       0       0       0       0       0       0   |
|                                                               |
|                -------         ------- ------- -------        |
|               |///////|       |///////|///////|///////|       |
|   V       0   |///////|   0   |///////|///////|///////|   0   |
|               |///////|       |///////|///////|///////|       |
|        ------- -------         ------- ------- -------        |
|       |///////|///////|       |///////|///////|               |
|   I   |///////|///////|   0   |///////|///////|   0       0   |
|       |///////|///////|       |///////|///////|               |
|        ------- -------         ------- -------                |
|                                                               |
|   0       0       0       L       0       0       0       0   |
|                                                               |
|                -------                                        |
|               |///////|                                       |
|   0       0   |///////|   0       0       0       R       2   |
|               |///////|                                       |
 ------- ------- ------- ------- ------- ------- ------- ------- 
TURNO: 11
Spirit: Detectadas 1 personas en la zona de influencia. 
 ------- ------- ------- ------- ------- ------- ------- ------- 
|                                                               |
|   0       0       0       R       G       0       T       0   |
|                                                               |
|        -------                         ------- ------- -------|
|       |///////|                       |///////|///////|///////|
|   0   |///////|   0       0       0   |///////|///////|///////|
|       |///////|                       |///////|///////|///////|
|        -------                         ------- ------- -------|
|       |///////|                                               |
|   Y   |///////|   0       0       0       0       0       0   |
|       |///////|                                               |
|        -------                                                |
|                                                               |
|   0       0       0       0       0       0       0       0   |
|                                                               |
|                -------         ------- ------- -------        |
|               |///////|       |///////|///////|///////|       |
|   0       0   |///////|   0   |///////|///////|///////|   0   |
|               |///////|       |///////|///////|///////|       |
|        ------- -------         ------- ------- -------        |
|       |///////|///////|       |///////|///////|               |
|   V   |///////|///////|   0   |///////|///////|   0       0   |
|       |///////|///////|       |///////|///////|               |
|        ------- -------         ------- -------                |
|                                                               |
|   I       0       0       0       L       0       0       0   |
|                                                               |
|                -------                                        |
|               |///////|                                       |
|   0       0   |///////|   0       0       0       R       2   |
|               |///////|                                       |
 ------- ------- ------- ------- ------- ------- ------- ------- 
TURNO: 12
 ------- ------- ------- ------- ------- ------- ------- ------- 
|                                                               |
|   0       0       R       0       0       0       0       T   |
|                                                               |
|        -------                         ------- ------- -------|
|       |///////|                       |///////|///////|///////|
|   Y   |///////|   0       0       G   |///////|///////|///////|
|       |///////|                       |///////|///////|///////|
|        -------                         ------- ------- -------|
|       |///////|                                               |
|   0   |///////|   0       0       0       0       0       0   |
|       |///////|                                               |
|        -------                                                |
|                                                               |
|   0       0       0       0       0       0       0       0   |
|                                                               |
|                -------         ------- ------- -------        |
|               |///////|       |///////|///////|///////|       |
|   0       0   |///////|   0   |///////|///////|///////|   0   |
|               |///////|       |///////|///////|///////|       |
|        ------- -------         ------- ------- -------        |
|       |///////|///////|       |///////|///////|               |
|   0   |///////|///////|   0   |///////|///////|   0       0   |
|       |///////|///////|       |///////|///////|               |
|        ------- -------         ------- -------                |
|                                                               |
|   V       I       0       0       0       0       0       0   |
|                                                               |
|                -------                                        |
|               |///////|                                       |
|   0       0   |///////|   0       L       0       R       2   |
|               |///////|                                       |
 ------- ------- ------- ------- ------- ------- ------- ------- 
TURNO: 13
Glújov: Llevo 10 kilos de escombros.
 ------- ------- ------- ------- ------- ------- ------- ------- 
|                                                               |
|   0       R       0       0       0       0       T       0   |
|                                                               |
|        -------                         ------- ------- -------|
|       |///////|                       |///////|///////|///////|
|   0   |///////|   0       0       0   |///////|///////|///////|
|       |///////|                       |///////|///////|///////|
|        -------                         ------- ------- -------|
|       |///////|                                               |
|   Y   |///////|   0       0       G       0       0       0   |
|       |///////|                                               |
|        -------                                                |
|                                                               |
|   0       0       0       0       0       0       0       0   |
|                                                               |
|                -------         ------- ------- -------        |
|               |///////|       |///////|///////|///////|       |
|   0       0   |///////|   0   |///////|///////|///////|   0   |
|               |///////|       |///////|///////|///////|       |
|        ------- -------         ------- ------- -------        |
|       |///////|///////|       |///////|///////|               |
|   0   |///////|///////|   0   |///////|///////|   0       0   |
|       |///////|///////|       |///////|///////|               |
|        ------- -------         ------- -------                |
|                                                               |
|   0       V       I       0       0       0       0       0   |
|                                                               |
|                -------                                        |
|               |///////|                                       |
|   0       0   |///////|   0       0       L       R       2   |
|               |///////|                                       |
 ------- ------- ------- ------- ------- ------- ------- ------- 
TURNO: 14
Spirit: Detectadas 1 personas en la zona de influencia. 
 ------- ------- ------- ------- ------- ------- ------- ------- 
|                                                               |
|   R       0       0       0       0       T       0       0   |
|                                                               |
|        -------                         ------- ------- -------|
|       |///////|                       |///////|///////|///////|
|   Y   |///////|   0       0       0   |///////|///////|///////|
|       |///////|                       |///////|///////|///////|
|        -------                         ------- ------- -------|
|       |///////|                                               |
|   0   |///////|   0       0       0       0       0       0   |
|       |///////|                                               |
|        -------                                                |
|                                                               |
|   0       0       0       0       G       0       0       0   |
|                                                               |
|                -------         ------- ------- -------        |
|               |///////|       |///////|///////|///////|       |
|   0       0   |///////|   0   |///////|///////|///////|   0   |
|               |///////|       |///////|///////|///////|       |
|        ------- -------         ------- ------- -------        |
|       |///////|///////|       |///////|///////|               |
|   0   |///////|///////|   0   |///////|///////|   0       0   |
|       |///////|///////|       |///////|///////|               |
|        ------- -------         ------- -------                |
|                                                               |
|   0       0       V       I       0       0       0       0   |
|                                                               |
|                -------                                        |
|               |///////|                                       |
|   0       0   |///////|   0       0       0       2       2   |
|               |///////|                                       |
 ------- ------- ------- ------- ------- ------- ------- ------- 
TURNO: 15
Legásov: ¡Puerta abierta!
Spirit: Detectadas 1 personas en la zona de influencia. 
 ------- ------- ------- ------- ------- ------- ------- ------- 
|                                                               |
|   0       0       0       0       0       0       T       0   |
|                                                               |
|        -------                         ------- ------- -------|
|       |///////|                       |///////|///////|///////|
|   R   |///////|   0       0       0   |///////|///////|///////|
|       |///////|                       |///////|///////|///////|
|        -------                         ------- ------- -------|
|       |///////|                                               |
|   Y   |///////|   0       0       0       0       0       0   |
|       |///////|                                               |
|        -------                                                |
|                                                               |
|   0       0       0       G       0       0       0       0   |
|                                                               |
|                -------         ------- ------- -------        |
|               |///////|       |///////|///////|///////|       |
|   0       0   |///////|   0   |///////|///////|///////|   0   |
|               |///////|       |///////|///////|///////|       |
|        ------- -------         ------- ------- -------        |
|       |///////|///////|       |///////|///////|               |
|   0   |///////|///////|   0   |///////|///////|   0       0   |
|       |///////|///////|       |///////|///////|               |
|        ------- -------         ------- -------                |
|                                                               |
|   0       0       0       V       0       0       0       0   |
|                                                               |
|                -------                                        |
|               |///////|                                       |
|   0       0   |///////|   I       0       0       R       3   |
|               |///////|                                       |
 ------- ------- ------- ------- ------- ------- ------- ------- 
TURNO: 16
Ignatenko: Recargando batería refrigerador.
Spirit: Detectadas 1 personas en la zona de influencia. 
 ------- ------- ------- ------- ------- ------- ------- ------- 
|                                                               |
|   0       0       0       0       0       0       0       T   |
|                                                               |
|        -------                         ------- ------- -------|
|       |///////|                       |///////|///////|///////|
|   Y   |///////|   0       0       0   |///////|///////|///////|
|       |///////|                       |///////|///////|///////|
|        -------                         ------- ------- -------|
|       |///////|                                               |
|   R   |///////|   0       0       0       0       0       0   |
|       |///////|                                               |
|        -------                                                |
|                                                               |
|   0       0       0       0       0       0       0       0   |
|                                                               |
|                -------         ------- ------- -------        |
|               |///////|       |///////|///////|///////|       |
|   0       0   |///////|   G   |///////|///////|///////|   0   |
|               |///////|       |///////|///////|///////|       |
|        ------- -------         ------- ------- -------        |
|       |///////|///////|       |///////|///////|               |
|   0   |///////|///////|   V   |///////|///////|   0       0   |
|       |///////|///////|       |///////|///////|               |
|        ------- -------         ------- -------                |
|                                                               |
|   0       0       0       0       0       0       0       0   |
|                                                               |
|                -------                                        |
|               |///////|                                       |
|   0       0   |///////|   I       0       0       R       3   |
|               |///////|                                       |
 ------- ------- ------- ------- ------- ------- ------- ------- 
TURNO: 17
Glújov: Llevo 13 kilos de escombros.
Ignatenko: ¡NO PUEDO! (S)
Spirit: Detectadas 1 personas en la zona de influencia. 
 ------- ------- ------- ------- ------- ------- ------- ------- 
|                                                               |
|   0       0       0       0       0       0       T       0   |
|                                                               |
|        -------                         ------- ------- -------|
|       |///////|                       |///////|///////|///////|
|   0   |///////|   0       0       0   |///////|///////|///////|
|       |///////|                       |///////|///////|///////|
|        -------                         ------- ------- -------|
|       |///////|                                               |
|   Y   |///////|   0       0       0       0       0       0   |
|       |///////|                                               |
|        -------                                                |
|                                                               |
|   R       0       0       0       0       0       0       0   |
|                                                               |
|                -------         ------- ------- -------        |
|               |///////|       |///////|///////|///////|       |
|   0       0   |///////|   V   |///////|///////|///////|   0   |
|               |///////|       |///////|///////|///////|       |
|        ------- -------         ------- ------- -------        |
|       |///////|///////|       |///////|///////|               |
|   0   |///////|///////|   G   |///////|///////|   0       0   |
|       |///////|///////|       |///////|///////|               |
|        ------- -------         ------- -------                |
|                                                               |
|   0       0       0       0       0       0       0       0   |
|                                                               |
|                -------                                        |
|               |///////|                                       |
|   0       0   |///////|   I       0       0       R       3   |
|               |///////|                                       |
 ------- ------- ------- ------- ------- ------- ------- ------- 
TURNO: 18
Ignatenko: ¡NO PUEDO! (O)
 ------- ------- ------- ------- ------- ------- ------- ------- 
|                                                               |
|   0       0       0       0       0       T       0       0   |
|                                                               |
|        -------                         ------- ------- -------|
|       |///////|                       |///////|///////|///////|
|   Y   |///////|   0       0       0   |///////|///////|///////|
|       |///////|                       |///////|///////|///////|
|        -------                         ------- ------- -------|
|       |///////|                                               |
|   0   |///////|   0       0       0       0       0       0   |
|       |///////|                                               |
|        -------                                                |
|                                                               |
|   0       R       0       V       0       0       0       0   |
|                                                               |
|                -------         ------- ------- -------        |
|               |///////|       |///////|///////|///////|       |
|   0       0   |///////|   0   |///////|///////|///////|   0   |
|               |///////|       |///////|///////|///////|       |
|        ------- -------         ------- ------- -------        |
|       |///////|///////|       |///////|///////|               |
|   0   |///////|///////|   0   |///////|///////|   0       0   |
|       |///////|///////|       |///////|///////|               |
|        ------- -------         ------- -------                |
|                                                               |
|   0       0       0       G       0       0       0       0   |
|                                                               |
|                -------                                        |
|               |///////|                                       |
|   0       0   |///////|   I       0       0       R       3   |
|               |///////|                                       |
 ------- ------- ------- ------- ------- ------- ------- ------- 
TURNO: 19
Glújov: Llevo 19 kilos de escombros.
 ------- ------- ------- ------- ------- ------- ------- ------- 
|                                                               |
|   0       0       0       0       0       0       T       0   |
|                                                               |
|        -------                         ------- ------- -------|
|       |///////|                       |///////|///////|///////|
|   0   |///////|   0       0       0   |///////|///////|///////|
|       |///////|                       |///////|///////|///////|
|        -------                         ------- ------- -------|
|       |///////|                                               |
|   Y   |///////|   0       0       0       0       0       0   |
|       |///////|                                               |
|        -------                                                |
|                                                               |
|   0       0       R       0       V       0       0       0   |
|                                                               |
|                -------         ------- ------- -------        |
|               |///////|       |///////|///////|///////|       |
|   0       0   |///////|   0   |///////|///////|///////|   0   |
|               |///////|       |///////|///////|///////|       |
|        ------- -------         ------- ------- -------        |
|       |///////|///////|       |///////|///////|               |
|   0   |///////|///////|   0   |///////|///////|   0       0   |
|       |///////|///////|       |///////|///////|               |
|        ------- -------         ------- -------                |
|                                                               |
|   0       0       0       0       G       0       0       0   |
|                                                               |
|                -------                                        |
|               |///////|                                       |
|   0       0   |///////|   0       I       0       R       3   |
|               |///////|                                       |
 ------- ------- ------- ------- ------- ------- ------- ------- 
TURNO: 20
Spirit II: Detectadas 5 personas en la zona de influencia. 
 ------- ------- ------- ------- ------- ------- ------- ------- 
|                                                               |
|   0       0       0       0       0       0       0       T   |
|                                                               |
|        -------                         ------- ------- -------|
|       |///////|                       |///////|///////|///////|
|   Y   |///////|   0       0       0   |///////|///////|///////|
|       |///////|                       |///////|///////|///////|
|        -------                         ------- ------- -------|
|       |///////|                                               |
|   0   |///////|   0       0       0       0       0       0   |
|       |///////|                                               |
|        -------                                                |
|                                                               |
|   0       0       0       R       0       V       0       0   |
|                                                               |
|                -------         ------- ------- -------        |
|               |///////|       |///////|///////|///////|       |
|   0       0   |///////|   0   |///////|///////|///////|   0   |
|               |///////|       |///////|///////|///////|       |
|        ------- -------         ------- ------- -------        |
|       |///////|///////|       |///////|///////|               |
|   0   |///////|///////|   0   |///////|///////|   0       0   |
|       |///////|///////|       |///////|///////|               |
|        ------- -------         ------- -------                |
|                                                               |
|   0       0       0       0       0       G       R       0   |
|                                                               |
|                -------                                        |
|               |///////|                                       |
|   0       0   |///////|   0       0       I       0       3   |
|               |///////|                                       |
 ------- ------- ------- ------- ------- ------- ------- ------- 
TURNO: 21
Spirit II: Detectadas 1 personas en la zona de influencia. 
 ------- ------- ------- ------- ------- ------- ------- ------- 
|                                                               |
|   0       0       0       0       0       0       T       0   |
|                                                               |
|        -------                         ------- ------- -------|
|       |///////|                       |///////|///////|///////|
|   0   |///////|   0       0       0   |///////|///////|///////|
|       |///////|                       |///////|///////|///////|
|        -------                         ------- ------- -------|
|       |///////|                                               |
|   Y   |///////|   0       R       0       0       0       0   |
|       |///////|                                               |
|        -------                                                |
|                                                               |
|   0       0       0       0       0       0       V       0   |
|                                                               |
|                -------         ------- ------- -------        |
|               |///////|       |///////|///////|///////|       |
|   0       0   |///////|   0   |///////|///////|///////|   0   |
|               |///////|       |///////|///////|///////|       |
|        ------- -------         ------- ------- -------        |
|       |///////|///////|       |///////|///////|               |
|   0   |///////|///////|   0   |///////|///////|   R       0   |
|       |///////|///////|       |///////|///////|               |
|        ------- -------         ------- -------                |
|                                                               |
|   0       0       0       0       0       0       G       0   |
|                                                               |
|                -------                                        |
|               |///////|                                       |
|   0       0   |///////|   0       0       0       I       3   |
|               |///////|                                       |
 ------- ------- ------- ------- ------- ------- ------- ------- 
TURNO: 22
Ignatenko: Recargando batería refrigerador.
Spirit II: Detectadas 1 personas en la zona de influencia. 
 ------- ------- ------- ------- ------- ------- ------- ------- 
|                                                               |
|   0       0       0       0       0       T       0       0   |
|                                                               |
|        -------                         ------- ------- -------|
|       |///////|                       |///////|///////|///////|
|   Y   |///////|   0       0       0   |///////|///////|///////|
|       |///////|                       |///////|///////|///////|
|        -------                         ------- ------- -------|
|       |///////|                                               |
|   0   |///////|   0       0       R       0       0       0   |
|       |///////|                                               |
|        -------                                                |
|                                                               |
|   0       0       0       0       0       0       0       V   |
|                                                               |
|                -------         ------- ------- -------        |
|               |///////|       |///////|///////|///////|       |
|   0       0   |///////|   0   |///////|///////|///////|   0   |
|               |///////|       |///////|///////|///////|       |
|        ------- -------         ------- ------- -------        |
|       |///////|///////|       |///////|///////|               |
|   0   |///////|///////|   0   |///////|///////|   0       R   |
|       |///////|///////|       |///////|///////|               |
|        ------- -------         ------- -------                |
|                                                               |
|   0       0       0       0       0       0       0       G   |
|                                                               |
|                -------                                        |
|               |///////|                                       |
|   0       0   |///////|   0       0       0       I       3   |
|               |///////|                                       |
 ------- ------- ------- ------- ------- ------- ------- ------- 
TURNO: 23
 ------- ------- ------- ------- ------- ------- ------- ------- 
|                                                               |
|   0       0       0       0       0       0       T       0   |
|                                                               |
|        -------                         ------- ------- -------|
|       |///////|                       |///////|///////|///////|
|   0   |///////|   0       0       R   |///////|///////|///////|
|       |///////|                       |///////|///////|///////|
|        -------                         ------- ------- -------|
|       |///////|                                               |
|   Y   |///////|   0       0       0       0       0       V   |
|       |///////|                                               |
|        -------                                                |
|                                                               |
|   0       0       0       0       0       0       0       0   |
|                                                               |
|                -------         ------- ------- -------        |
|               |///////|       |///////|///////|///////|       |
|   0       0   |///////|   0   |///////|///////|///////|   R   |
|               |///////|       |///////|///////|///////|       |
|        ------- -------         ------- ------- -------        |
|       |///////|///////|       |///////|///////|               |
|   0   |///////|///////|   0   |///////|///////|   0       0   |
|       |///////|///////|       |///////|///////|               |
|        ------- -------         ------- -------                |
|                                                               |
|   0       0       0       0       0       0       0       0   |
|                                                               |
|                -------                                        |
|               |///////|                                       |
|   0       0   |///////|   0       0       0       0       5   |
|               |///////|                                       |
 ------- ------- ------- ------- ------- ------- ------- ------- 
